--------------------------------------------------------------------------------
Release 14.7 Trace  (nt64)
Copyright (c) 1995-2013 Xilinx, Inc.  All rights reserved.

D:\ISE\14.7\ISE_DS\ISE\bin\nt64\unwrapped\trce.exe -intstyle ise -v 3 -s 2L -n
3 -fastpaths -xml basicRegister.twx basicRegister.ncd -o basicRegister.twr
basicRegister.pcf -ucf basicRegister.ucf

Design file:              basicRegister.ncd
Physical constraint file: basicRegister.pcf
Device,package,speed:     xc7a100t,fgg484,C,-2L (PRODUCTION 1.10 2013-10-13)
Report level:             verbose report

Environment Variable      Effect 
--------------------      ------ 
NONE                      No environment variables were set
--------------------------------------------------------------------------------

INFO:Timing:2698 - No timing constraints found, doing default enumeration.
INFO:Timing:3412 - To improve timing, see the Timing Closure User Guide (UG612).
INFO:Timing:2752 - To get complete path coverage, use the unconstrained paths 
   option. All paths that are not constrained will be reported in the 
   unconstrained paths section(s) of the report.
INFO:Timing:3339 - The clock-to-out numbers in this timing report are based on 
   a 50 Ohm transmission line loading model.  For the details of this model, 
   and for more information on accounting for different loading conditions, 
   please see the device datasheet.



Data Sheet report:
-----------------
All values displayed in nanoseconds (ns)

Setup/Hold to clock clk
------------+------------+------------+------------+------------+------------------+--------+
            |Max Setup to|  Process   |Max Hold to |  Process   |                  | Clock  |
Source      | clk (edge) |   Corner   | clk (edge) |   Corner   |Internal Clock(s) | Phase  |
------------+------------+------------+------------+------------+------------------+--------+
clr         |   -0.074(R)|      FAST  |    2.754(R)|      SLOW  |clk_BUFGP         |   0.000|
d<0>        |   -1.026(R)|      FAST  |    3.510(R)|      SLOW  |clk_BUFGP         |   0.000|
d<1>        |   -1.032(R)|      FAST  |    3.515(R)|      SLOW  |clk_BUFGP         |   0.000|
d<2>        |   -1.051(R)|      FAST  |    3.539(R)|      SLOW  |clk_BUFGP         |   0.000|
d<3>        |   -1.068(R)|      FAST  |    3.551(R)|      SLOW  |clk_BUFGP         |   0.000|
oe          |   -1.072(R)|      FAST  |    3.562(R)|      SLOW  |clk_BUFGP         |   0.000|
------------+------------+------------+------------+------------+------------------+--------+

Clock clk to Pad
------------+-----------------+------------+-----------------+------------+------------------+--------+
            |Max (slowest) clk|  Process   |Min (fastest) clk|  Process   |                  | Clock  |
Destination |  (edge) to PAD  |   Corner   |  (edge) to PAD  |   Corner   |Internal Clock(s) | Phase  |
------------+-----------------+------------+-----------------+------------+------------------+--------+
q<0>        |        10.264(R)|      SLOW  |         3.854(R)|      FAST  |clk_BUFGP         |   0.000|
q<1>        |        10.292(R)|      SLOW  |         3.743(R)|      FAST  |clk_BUFGP         |   0.000|
q<2>        |        10.422(R)|      SLOW  |         3.846(R)|      FAST  |clk_BUFGP         |   0.000|
q<3>        |        10.433(R)|      SLOW  |         3.837(R)|      FAST  |clk_BUFGP         |   0.000|
------------+-----------------+------------+-----------------+------------+------------------+--------+


Analysis completed Thu Dec 16 19:10:27 2021 
--------------------------------------------------------------------------------

Trace Settings:
-------------------------
Trace Settings 

Peak Memory Usage: 4950 MB



