Release 14.7 - xst P.20131013 (nt64)
Copyright (c) 1995-2013 Xilinx, Inc.  All rights reserved.
--> Parameter TMPDIR set to xst/projnav.tmp


Total REAL time to Xst completion: 1.00 secs
Total CPU time to Xst completion: 0.15 secs
 
--> Parameter xsthdpdir set to xst


Total REAL time to Xst completion: 1.00 secs
Total CPU time to Xst completion: 0.15 secs
 
--> Reading design: binaryAddSubsOperator.prj

TABLE OF CONTENTS
  1) Synthesis Options Summary
  2) HDL Parsing
  3) HDL Elaboration
  4) HDL Synthesis
       4.1) HDL Synthesis Report
  5) Advanced HDL Synthesis
       5.1) Advanced HDL Synthesis Report
  6) Low Level Synthesis
  7) Partition Report
  8) Design Summary
       8.1) Primitive and Black Box Usage
       8.2) Device utilization summary
       8.3) Partition Resource Summary
       8.4) Timing Report
            8.4.1) Clock Information
            8.4.2) Asynchronous Control Signals Information
            8.4.3) Timing Summary
            8.4.4) Timing Details
            8.4.5) Cross Clock Domains Report


=========================================================================
*                      Synthesis Options Summary                        *
=========================================================================
---- Source Parameters
Input File Name                    : "binaryAddSubsOperator.prj"
Ignore Synthesis Constraint File   : NO

---- Target Parameters
Output File Name                   : "binaryAddSubsOperator"
Output Format                      : NGC
Target Device                      : xc7a100t-2L-fgg484

---- Source Options
Top Module Name                    : binaryAddSubsOperator
Automatic FSM Extraction           : YES
FSM Encoding Algorithm             : Auto
Safe Implementation                : No
FSM Style                          : LUT
RAM Extraction                     : Yes
RAM Style                          : Auto
ROM Extraction                     : Yes
Shift Register Extraction          : YES
ROM Style                          : Auto
Resource Sharing                   : YES
Asynchronous To Synchronous        : NO
Shift Register Minimum Size        : 2
Use DSP Block                      : Auto
Automatic Register Balancing       : No

---- Target Options
LUT Combining                      : Auto
Reduce Control Sets                : Auto
Add IO Buffers                     : YES
Global Maximum Fanout              : 100000
Add Generic Clock Buffer(BUFG)     : 32
Register Duplication               : YES
Optimize Instantiated Primitives   : NO
Use Clock Enable                   : Auto
Use Synchronous Set                : Auto
Use Synchronous Reset              : Auto
Pack IO Registers into IOBs        : Auto
Equivalent register Removal        : YES

---- General Options
Optimization Goal                  : Speed
Optimization Effort                : 1
Power Reduction                    : NO
Keep Hierarchy                     : No
Netlist Hierarchy                  : As_Optimized
RTL Output                         : Yes
Global Optimization                : AllClockNets
Read Cores                         : YES
Write Timing Constraints           : NO
Cross Clock Analysis               : NO
Hierarchy Separator                : /
Bus Delimiter                      : <>
Case Specifier                     : Maintain
Slice Utilization Ratio            : 100
BRAM Utilization Ratio             : 100
DSP48 Utilization Ratio            : 100
Auto BRAM Packing                  : NO
Slice Utilization Ratio Delta      : 5

=========================================================================


=========================================================================
*                          HDL Parsing                                  *
=========================================================================
Analyzing Verilog file "C:\Users\psyq\Desktop\veri\base\binaryAddSubsOperator.v" into library work
Parsing module <binaryAddSubsOperator>.

=========================================================================
*                            HDL Elaboration                            *
=========================================================================

Elaborating module <binaryAddSubsOperator>.
WARNING:HDLCompiler:413 - "C:\Users\psyq\Desktop\veri\base\binaryAddSubsOperator.v" Line 28: Result of 32-bit expression is truncated to fit in 1-bit target.

=========================================================================
*                           HDL Synthesis                               *
=========================================================================

Synthesizing Unit <binaryAddSubsOperator>.
    Related source file is "C:\Users\psyq\Desktop\veri\base\binaryAddSubsOperator.v".
    Found 5-bit subtractor for signal <n0032> created at line 34.
    Found 5-bit adder for signal <n0029> created at line 34.
    Found 5-bit adder for signal <BUS_0001_GND_1_o_add_6_OUT> created at line 34.
    Found 5-bit adder for signal <GND_1_o_GND_1_o_add_8_OUT> created at line 34.
    Summary:
	inferred   2 Adder/Subtractor(s).
	inferred   1 Multiplexer(s).
Unit <binaryAddSubsOperator> synthesized.

=========================================================================
HDL Synthesis Report

Macro Statistics
# Adders/Subtractors                                   : 2
 5-bit adder                                           : 1
 5-bit addsub                                          : 1
# Multiplexers                                         : 1
 1-bit 2-to-1 multiplexer                              : 1

=========================================================================
INFO:Xst:1767 - HDL ADVISOR - Resource sharing has identified that some arithmetic operations in this design can share the same physical resources for reduced device utilization. For improved clock frequency you may try to disable resource sharing.

=========================================================================
*                       Advanced HDL Synthesis                          *
=========================================================================


=========================================================================
Advanced HDL Synthesis Report

Macro Statistics
# Adders/Subtractors                                   : 2
 5-bit adder                                           : 1
 5-bit addsub                                          : 1

=========================================================================

=========================================================================
*                         Low Level Synthesis                           *
=========================================================================

Optimizing unit <binaryAddSubsOperator> ...

Mapping all equations...
Building and optimizing final netlist ...
Found area constraint ratio of 100 (+ 5) on block binaryAddSubsOperator, actual ratio is 0.

Final Macro Processing ...

=========================================================================
Final Register Report

Found no macro
=========================================================================

=========================================================================
*                           Partition Report                            *
=========================================================================

Partition Implementation Status
-------------------------------

  No Partitions were found in this design.

-------------------------------

=========================================================================
*                            Design Summary                             *
=========================================================================

Top Level Output File Name         : binaryAddSubsOperator.ngc

Primitive and Black Box Usage:
------------------------------
# BELS                             : 10
#      LUT3                        : 1
#      LUT5                        : 1
#      LUT6                        : 8
# IO Buffers                       : 17
#      IBUF                        : 10
#      OBUF                        : 7

Device utilization summary:
---------------------------

Selected Device : 7a100tfgg484-2l 


Slice Logic Utilization: 
 Number of Slice LUTs:                   10  out of  63400     0%  
    Number used as Logic:                10  out of  63400     0%  

Slice Logic Distribution: 
 Number of LUT Flip Flop pairs used:     10
   Number with an unused Flip Flop:      10  out of     10   100%  
   Number with an unused LUT:             0  out of     10     0%  
   Number of fully used LUT-FF pairs:     0  out of     10     0%  
   Number of unique control sets:         0

IO Utilization: 
 Number of IOs:                          17
 Number of bonded IOBs:                  17  out of    285     5%  

Specific Feature Utilization:

---------------------------
Partition Resource Summary:
---------------------------

  No Partitions were found in this design.

---------------------------


=========================================================================
Timing Report

NOTE: THESE TIMING NUMBERS ARE ONLY A SYNTHESIS ESTIMATE.
      FOR ACCURATE TIMING INFORMATION PLEASE REFER TO THE TRACE REPORT
      GENERATED AFTER PLACE-and-ROUTE.

Clock Information:
------------------
No clock signals found in this design

Asynchronous Control Signals Information:
----------------------------------------
No asynchronous control signals found in this design

Timing Summary:
---------------
Speed Grade: -2

   Minimum period: No path found
   Minimum input arrival time before clock: No path found
   Maximum output required time after clock: No path found
   Maximum combinational path delay: 3.551ns

Timing Details:
---------------
All values displayed in nanoseconds (ns)

=========================================================================
Timing constraint: Default path analysis
  Total number of paths / destination ports: 105 / 7
-------------------------------------------------------------------------
Delay:               3.551ns (Levels of Logic = 6)
  Source:            sub (PAD)
  Destination:       zf (PAD)

  Data Path: sub to zf
                                Gate     Net
    Cell:in->out      fanout   Delay   Delay  Logical Name (Net Name)
    ----------------------------------------  ------------
     IBUF:I->O             9   0.001   0.838  sub_IBUF (GND_1_o_GND_1_o_equal_5_o_inv)
     LUT6:I0->O            2   0.105   0.362  Mmux_c_rs_cy<0>21 (Mmux_c_rs_cy<0>1)
     LUT6:I5->O            3   0.105   0.805  Mmux_c_rs_cy<0>31 (Mmux_c_rs_cy<0>2)
     LUT6:I0->O            2   0.105   0.785  Mmux_c_rs_xor<0>41 (f_3_OBUF)
     LUT5:I0->O            1   0.105   0.339  f[3]_GND_1_o_equal_1_o<3>1 (zf_OBUF)
     OBUF:I->O                 0.000          zf_OBUF (zf)
    ----------------------------------------
    Total                      3.551ns (0.421ns logic, 3.130ns route)
                                       (11.9% logic, 88.1% route)

=========================================================================

Cross Clock Domains Report:
--------------------------

=========================================================================


Total REAL time to Xst completion: 10.00 secs
Total CPU time to Xst completion: 9.62 secs
 
--> 

Total memory usage is 4676216 kilobytes

Number of errors   :    0 (   0 filtered)
Number of warnings :    1 (   0 filtered)
Number of infos    :    1 (   0 filtered)

