Release 14.7 - xst P.20131013 (nt64)
Copyright (c) 1995-2013 Xilinx, Inc.  All rights reserved.
--> Parameter TMPDIR set to xst/projnav.tmp


Total REAL time to Xst completion: 0.00 secs
Total CPU time to Xst completion: 0.14 secs
 
--> Parameter xsthdpdir set to xst


Total REAL time to Xst completion: 0.00 secs
Total CPU time to Xst completion: 0.14 secs
 
--> Reading design: RS.prj

TABLE OF CONTENTS
  1) Synthesis Options Summary
  2) HDL Parsing
  3) HDL Elaboration
  4) HDL Synthesis
       4.1) HDL Synthesis Report
  5) Advanced HDL Synthesis
       5.1) Advanced HDL Synthesis Report
  6) Low Level Synthesis
  7) Partition Report
  8) Design Summary
       8.1) Primitive and Black Box Usage
       8.2) Device utilization summary
       8.3) Partition Resource Summary
       8.4) Timing Report
            8.4.1) Clock Information
            8.4.2) Asynchronous Control Signals Information
            8.4.3) Timing Summary
            8.4.4) Timing Details
            8.4.5) Cross Clock Domains Report


=========================================================================
*                      Synthesis Options Summary                        *
=========================================================================
---- Source Parameters
Input File Name                    : "RS.prj"
Ignore Synthesis Constraint File   : NO

---- Target Parameters
Output File Name                   : "RS"
Output Format                      : NGC
Target Device                      : xc7a100t-2L-fgg484

---- Source Options
Top Module Name                    : RS
Automatic FSM Extraction           : YES
FSM Encoding Algorithm             : Auto
Safe Implementation                : No
FSM Style                          : LUT
RAM Extraction                     : Yes
RAM Style                          : Auto
ROM Extraction                     : Yes
Shift Register Extraction          : YES
ROM Style                          : Auto
Resource Sharing                   : YES
Asynchronous To Synchronous        : NO
Shift Register Minimum Size        : 2
Use DSP Block                      : Auto
Automatic Register Balancing       : No

---- Target Options
LUT Combining                      : Auto
Reduce Control Sets                : Auto
Add IO Buffers                     : YES
Global Maximum Fanout              : 100000
Add Generic Clock Buffer(BUFG)     : 32
Register Duplication               : YES
Optimize Instantiated Primitives   : NO
Use Clock Enable                   : Auto
Use Synchronous Set                : Auto
Use Synchronous Reset              : Auto
Pack IO Registers into IOBs        : Auto
Equivalent register Removal        : YES

---- General Options
Optimization Goal                  : Speed
Optimization Effort                : 1
Power Reduction                    : NO
Keep Hierarchy                     : No
Netlist Hierarchy                  : As_Optimized
RTL Output                         : Yes
Global Optimization                : AllClockNets
Read Cores                         : YES
Write Timing Constraints           : NO
Cross Clock Analysis               : NO
Hierarchy Separator                : /
Bus Delimiter                      : <>
Case Specifier                     : Maintain
Slice Utilization Ratio            : 100
BRAM Utilization Ratio             : 100
DSP48 Utilization Ratio            : 100
Auto BRAM Packing                  : NO
Slice Utilization Ratio Delta      : 5

=========================================================================


=========================================================================
*                          HDL Parsing                                  *
=========================================================================
Analyzing Verilog file "C:\Users\psyq\Desktop\veri\base\RS.v" into library work
Parsing module <RS>.

=========================================================================
*                            HDL Elaboration                            *
=========================================================================

Elaborating module <RS>.

=========================================================================
*                           HDL Synthesis                               *
=========================================================================

Synthesizing Unit <RS>.
    Related source file is "C:\Users\psyq\Desktop\veri\base\RS.v".
WARNING:Xst:737 - Found 1-bit latch for signal <Q>. Latches may be generated from incomplete case or if statements. We do not recommend the use of latches in FPGA/CPLD designs, as they may lead to timing problems.
WARNING:Xst:737 - Found 1-bit latch for signal <Q_>. Latches may be generated from incomplete case or if statements. We do not recommend the use of latches in FPGA/CPLD designs, as they may lead to timing problems.
    Summary:
	inferred   2 Latch(s).
	inferred   1 Multiplexer(s).
Unit <RS> synthesized.

=========================================================================
HDL Synthesis Report

Macro Statistics
# Latches                                              : 2
 1-bit latch                                           : 2
# Multiplexers                                         : 1
 1-bit 2-to-1 multiplexer                              : 1

=========================================================================

=========================================================================
*                       Advanced HDL Synthesis                          *
=========================================================================


=========================================================================
Advanced HDL Synthesis Report

Macro Statistics
# Multiplexers                                         : 1
 1-bit 2-to-1 multiplexer                              : 1

=========================================================================

=========================================================================
*                         Low Level Synthesis                           *
=========================================================================
WARNING:Xst:3001 - This design contains one or more registers or latches with an active
   asynchronous set and asynchronous reset. While this circuit can be built,
   it creates a sub-optimal implementation in terms of area, power and
   performance. For a more optimal implementation Xilinx highly recommends
   one of the following:

          1) Remove either the set or reset from all registers and latches if
             not needed for required functionality
          2) Modify the code in order to produce a synchronous set
             and/or reset (both is preferred)
          3) Use the -async_to_sync option to transform the asynchronous
             set/reset to synchronous operation
             (timing simulation highly recommended when using this option)

  Please refer to http://www.xilinx.com search string "Artix7 asynchronous set/reset" for more details.

  List of register instances with asynchronous set and reset:
    Q in unit <RS>
    Q_ in unit <RS>


Optimizing unit <RS> ...

Mapping all equations...
Building and optimizing final netlist ...
Found area constraint ratio of 100 (+ 5) on block RS, actual ratio is 0.

Final Macro Processing ...

=========================================================================
Final Register Report

Found no macro
=========================================================================

=========================================================================
*                           Partition Report                            *
=========================================================================

Partition Implementation Status
-------------------------------

  No Partitions were found in this design.

-------------------------------

=========================================================================
*                            Design Summary                             *
=========================================================================

Top Level Output File Name         : RS.ngc

Primitive and Black Box Usage:
------------------------------
# BELS                             : 7
#      GND                         : 1
#      LUT2                        : 2
#      LUT3                        : 4
# FlipFlops/Latches                : 2
#      LD                          : 2
# IO Buffers                       : 4
#      IBUF                        : 2
#      OBUF                        : 2

Device utilization summary:
---------------------------

Selected Device : 7a100tfgg484-2l 


Slice Logic Utilization: 
 Number of Slice LUTs:                    6  out of  63400     0%  
    Number used as Logic:                 6  out of  63400     0%  

Slice Logic Distribution: 
 Number of LUT Flip Flop pairs used:      6
   Number with an unused Flip Flop:       6  out of      6   100%  
   Number with an unused LUT:             0  out of      6     0%  
   Number of fully used LUT-FF pairs:     0  out of      6     0%  
   Number of unique control sets:         2

IO Utilization: 
 Number of IOs:                           4
 Number of bonded IOBs:                   4  out of    285     1%  
    IOB Flip Flops/Latches:               2

Specific Feature Utilization:

---------------------------
Partition Resource Summary:
---------------------------

  No Partitions were found in this design.

---------------------------


=========================================================================
Timing Report

NOTE: THESE TIMING NUMBERS ARE ONLY A SYNTHESIS ESTIMATE.
      FOR ACCURATE TIMING INFORMATION PLEASE REFER TO THE TRACE REPORT
      GENERATED AFTER PLACE-and-ROUTE.

Clock Information:
------------------
-----------------------------------+------------------------+-------+
Clock Signal                       | Clock buffer(FF name)  | Load  |
-----------------------------------+------------------------+-------+
Q__G(Q__G:O)                       | NONE(*)(Q_)            | 1     |
Q_G(Q_G:O)                         | NONE(*)(Q)             | 1     |
-----------------------------------+------------------------+-------+
(*) These 2 clock signal(s) are generated by combinatorial logic,
and XST is not able to identify which are the primary clock signals.
Please use the CLOCK_SIGNAL constraint to specify the clock signal(s) generated by combinatorial logic.
INFO:Xst:2169 - HDL ADVISOR - Some clock signals were not automatically buffered by XST with BUFG/BUFR resources. Please use the buffer_type constraint in order to insert these buffers to the clock signals to help prevent skew problems.

Asynchronous Control Signals Information:
----------------------------------------
No asynchronous control signals found in this design

Timing Summary:
---------------
Speed Grade: -2

   Minimum period: No path found
   Minimum input arrival time before clock: 1.283ns
   Maximum output required time after clock: 0.860ns
   Maximum combinational path delay: No path found

Timing Details:
---------------
All values displayed in nanoseconds (ns)

=========================================================================
Timing constraint: Default OFFSET IN BEFORE for Clock 'Q__G'
  Total number of paths / destination ports: 3 / 1
-------------------------------------------------------------------------
Offset:              1.283ns (Levels of Logic = 3)
  Source:            R (PAD)
  Destination:       Q_ (LATCH)
  Destination Clock: Q__G falling

  Data Path: R to Q_
                                Gate     Net
    Cell:in->out      fanout   Delay   Delay  Logical Name (Net Name)
    ----------------------------------------  ------------
     IBUF:I->O             4   0.001   0.468  R_IBUF (R_IBUF)
     LUT2:I0->O            2   0.105   0.604  S_PWR_1_o_AND_7_o1 (S_PWR_1_o_AND_7_o)
     LUT3:I0->O            1   0.105   0.000  Q__D (Q__D)
     LD:D                     -0.015          Q_
    ----------------------------------------
    Total                      1.283ns (0.211ns logic, 1.072ns route)
                                       (16.4% logic, 83.6% route)

=========================================================================
Timing constraint: Default OFFSET IN BEFORE for Clock 'Q_G'
  Total number of paths / destination ports: 3 / 1
-------------------------------------------------------------------------
Offset:              1.283ns (Levels of Logic = 3)
  Source:            S (PAD)
  Destination:       Q (LATCH)
  Destination Clock: Q_G falling

  Data Path: S to Q
                                Gate     Net
    Cell:in->out      fanout   Delay   Delay  Logical Name (Net Name)
    ----------------------------------------  ------------
     IBUF:I->O             4   0.001   0.468  S_IBUF (S_IBUF)
     LUT2:I0->O            2   0.105   0.604  S_PWR_1_o_AND_5_o1 (S_PWR_1_o_AND_5_o)
     LUT3:I0->O            1   0.105   0.000  Q_D (Q_D)
     LD:D                     -0.015          Q
    ----------------------------------------
    Total                      1.283ns (0.211ns logic, 1.072ns route)
                                       (16.4% logic, 83.6% route)

=========================================================================
Timing constraint: Default OFFSET OUT AFTER for Clock 'Q_G'
  Total number of paths / destination ports: 1 / 1
-------------------------------------------------------------------------
Offset:              0.860ns (Levels of Logic = 1)
  Source:            Q (LATCH)
  Destination:       Q (PAD)
  Source Clock:      Q_G falling

  Data Path: Q to Q
                                Gate     Net
    Cell:in->out      fanout   Delay   Delay  Logical Name (Net Name)
    ----------------------------------------  ------------
     LD:G->Q               1   0.521   0.339  Q (Q_OBUF)
     OBUF:I->O                 0.000          Q_OBUF (Q)
    ----------------------------------------
    Total                      0.860ns (0.521ns logic, 0.339ns route)
                                       (60.6% logic, 39.4% route)

=========================================================================
Timing constraint: Default OFFSET OUT AFTER for Clock 'Q__G'
  Total number of paths / destination ports: 1 / 1
-------------------------------------------------------------------------
Offset:              0.860ns (Levels of Logic = 1)
  Source:            Q_ (LATCH)
  Destination:       Q_ (PAD)
  Source Clock:      Q__G falling

  Data Path: Q_ to Q_
                                Gate     Net
    Cell:in->out      fanout   Delay   Delay  Logical Name (Net Name)
    ----------------------------------------  ------------
     LD:G->Q               1   0.521   0.339  Q_ (Q__OBUF)
     OBUF:I->O                 0.000          Q__OBUF (Q_)
    ----------------------------------------
    Total                      0.860ns (0.521ns logic, 0.339ns route)
                                       (60.6% logic, 39.4% route)

=========================================================================

Cross Clock Domains Report:
--------------------------

=========================================================================


Total REAL time to Xst completion: 9.00 secs
Total CPU time to Xst completion: 9.37 secs
 
--> 

Total memory usage is 4674680 kilobytes

Number of errors   :    0 (   0 filtered)
Number of warnings :    3 (   0 filtered)
Number of infos    :    1 (   0 filtered)

